<?xml version="1.0" encoding="UTF-8"?>
<!-- Generated by org.testng.reporters.JUnitReportReporter -->
<testsuite hostname="LAPTOP-RLDCMF74" failures="0" tests="3" name="test.C" time="0.007" errors="0" timestamp="2023-05-24T11:00:22 IST" skipped="0">
  <testcase classname="test.C" name="m7" time="0.003"/>
  <system-out/>
  <testcase classname="test.C" name="m8" time="0.002"/>
  <system-out/>
  <testcase classname="test.C" name="m9" time="0.002"/>
  <system-out/>
</testsuite> <!-- test.C -->
