<?xml version="1.0" encoding="UTF-8"?>
<!-- Generated by org.testng.reporters.JUnitReportReporter -->
<testsuite hostname="LAPTOP-RLDCMF74" failures="0" tests="2" name="groups.Class_B" time="0.003" errors="0" timestamp="2023-05-24T10:46:20 IST" skipped="0">
  <testcase classname="groups.Class_B" name="m1" time="0.002"/>
  <system-out/>
  <testcase classname="groups.Class_B" name="m2" time="0.001"/>
  <system-out/>
</testsuite> <!-- groups.Class_B -->
