<?xml version="1.0" encoding="UTF-8"?>
<!-- Generated by org.testng.reporters.JUnitReportReporter -->
<testsuite hostname="LAPTOP-RLDCMF74" failures="0" tests="3" name="test.A" time="0.043" errors="0" timestamp="2023-07-27T00:20:31 IST" skipped="0">
  <testcase classname="test.A" name="m2" time="0.002"/>
  <system-out/>
  <testcase classname="test.A" name="m3" time="0.003"/>
  <system-out/>
  <testcase classname="test.A" name="m1" time="0.038"/>
  <system-out/>
</testsuite> <!-- test.A -->
