<?xml version="1.0" encoding="UTF-8"?>
<!-- Generated by org.testng.reporters.JUnitReportReporter -->
<testsuite hostname="LAPTOP-RLDCMF74" failures="0" tests="3" name="com.testNGPractice.DependecyPractice" time="0.005" errors="0" timestamp="2022-11-23T23:29:47 IST" skipped="0">
  <testcase classname="com.testNGPractice.DependecyPractice" name="planning" time="0.001"/>
  <system-out/>
  <testcase classname="com.testNGPractice.DependecyPractice" name="munnar" time="0.002"/>
  <system-out/>
  <testcase classname="com.testNGPractice.DependecyPractice" name="ticketBooking" time="0.002"/>
  <system-out/>
</testsuite> <!-- com.testNGPractice.DependecyPractice -->
