<?xml version="1.0" encoding="UTF-8"?>
<!-- Generated by org.testng.reporters.JUnitReportReporter -->
<testsuite hostname="LAPTOP-RLDCMF74" failures="0" tests="4" name="com.testNGPractice.PriorityKeyword" time="0.006" errors="0" timestamp="2022-11-23T23:29:47 IST" skipped="0">
  <testcase classname="com.testNGPractice.PriorityKeyword" name="putFirstGear" time="0.001"/>
  <system-out/>
  <testcase classname="com.testNGPractice.PriorityKeyword" name="putSecondGear" time="0.002"/>
  <system-out/>
  <testcase classname="com.testNGPractice.PriorityKeyword" name="startThear" time="0.001"/>
  <system-out/>
  <testcase classname="com.testNGPractice.PriorityKeyword" name="putThireddGear" time="0.002"/>
  <system-out/>
</testsuite> <!-- com.testNGPractice.PriorityKeyword -->
