<?xml version="1.0" encoding="UTF-8"?>
<!-- Generated by org.testng.reporters.JUnitReportReporter -->
<testsuite hostname="LAPTOP-RLDCMF74" failures="0" tests="3" name="test.A" time="0.017" errors="0" timestamp="2023-05-24T11:00:22 IST" skipped="0">
  <testcase classname="test.A" name="m1" time="0.011"/>
  <system-out/>
  <testcase classname="test.A" name="m2" time="0.002"/>
  <system-out/>
  <testcase classname="test.A" name="m3" time="0.004"/>
  <system-out/>
</testsuite> <!-- test.A -->
