<?xml version="1.0" encoding="UTF-8"?>
<!-- Generated by org.testng.reporters.JUnitReportReporter -->
<testsuite hostname="LAPTOP-RLDCMF74" failures="0" tests="3" name="com.testNGPractice.SkipTcusingEnabled" time="0.003" errors="0" timestamp="2022-11-23T23:29:47 IST" skipped="0">
  <testcase classname="com.testNGPractice.SkipTcusingEnabled" name="method2" time="0.000"/>
  <system-out/>
  <testcase classname="com.testNGPractice.SkipTcusingEnabled" name="method1" time="0.002"/>
  <system-out/>
  <testcase classname="com.testNGPractice.SkipTcusingEnabled" name="method3" time="0.001"/>
  <system-out/>
</testsuite> <!-- com.testNGPractice.SkipTcusingEnabled -->
