<?xml version="1.0" encoding="UTF-8"?>
<!-- Generated by org.testng.reporters.JUnitReportReporter -->
<testsuite hostname="LAPTOP-RLDCMF74" failures="0" tests="3" name="com.testNGPractice.Suiteexample" time="3.060" errors="0" timestamp="2022-11-23T23:29:47 IST" skipped="0">
  <testcase classname="com.testNGPractice.Suiteexample" name="openYahoo" time="0.565"/>
  <system-out/>
  <testcase classname="com.testNGPractice.Suiteexample" name="openBing" time="1.079"/>
  <system-out/>
  <testcase classname="com.testNGPractice.Suiteexample" name="openGoogle" time="1.416"/>
  <system-out/>
</testsuite> <!-- com.testNGPractice.Suiteexample -->
