<?xml version="1.0" encoding="UTF-8"?>
<!-- Generated by org.testng.reporters.JUnitReportReporter -->
<testsuite hostname="LAPTOP-RLDCMF74" failures="0" tests="2" name="paremeters.Class_B" time="0.004" errors="0" timestamp="2023-05-15T23:26:42 IST" skipped="0">
  <testcase classname="paremeters.Class_B" name="m1" time="0.002"/>
  <system-out/>
  <testcase classname="paremeters.Class_B" name="m2" time="0.002"/>
  <system-out/>
</testsuite> <!-- paremeters.Class_B -->
