<?xml version="1.0" encoding="UTF-8"?>
<!-- Generated by org.testng.reporters.JUnitReportReporter -->
<testsuite hostname="LAPTOP-RLDCMF74" failures="0" tests="3" name="samlple.Test1" time="0.019" errors="0" timestamp="2023-07-27T00:27:32 IST" skipped="0">
  <testcase classname="samlple.Test1" name="m2" time="0.002"/>
  <system-out/>
  <testcase classname="samlple.Test1" name="m3" time="0.002"/>
  <system-out/>
  <testcase classname="samlple.Test1" name="m1" time="0.015"/>
  <system-out/>
</testsuite> <!-- samlple.Test1 -->
