<?xml version="1.0" encoding="UTF-8"?>
<!-- Generated by org.testng.reporters.JUnitReportReporter -->
<testsuite hostname="LAPTOP-RLDCMF74" failures="0" tests="3" name="test.D" time="0.007" errors="0" timestamp="2023-05-24T11:00:22 IST" skipped="0">
  <testcase classname="test.D" name="m9" time="0.001"/>
  <system-out/>
  <testcase classname="test.D" name="m7" time="0.002"/>
  <system-out/>
  <testcase classname="test.D" name="m8" time="0.004"/>
  <system-out/>
</testsuite> <!-- test.D -->
