<?xml version="1.0" encoding="UTF-8"?>
<!-- Generated by org.testng.reporters.JUnitReportReporter -->
<testsuite hostname="LAPTOP-RLDCMF74" failures="0" tests="3" name="test.B" time="0.005" errors="0" timestamp="2023-05-24T11:00:22 IST" skipped="0">
  <testcase classname="test.B" name="m5" time="0.003"/>
  <system-out/>
  <testcase classname="test.B" name="m6" time="0.001"/>
  <system-out/>
  <testcase classname="test.B" name="m4" time="0.001"/>
  <system-out/>
</testsuite> <!-- test.B -->
