<?xml version="1.0" encoding="UTF-8"?>
<!-- Generated by org.testng.reporters.JUnitReportReporter -->
<testsuite hostname="LAPTOP-RLDCMF74" failures="0" tests="1" name="groups.Class_A" time="0.014" errors="0" timestamp="2023-05-24T10:46:20 IST" skipped="0">
  <testcase classname="groups.Class_A" name="m2" time="0.014"/>
  <system-out/>
</testsuite> <!-- groups.Class_A -->
